c:\workspace\comp371-ass1\comp371assigment1\build\debug\vc142.pdb
c:\workspace\comp371-ass1\comp371assigment1\build\debug\vc142.idb
c:\workspace\comp371-ass1\comp371assigment1\build\debug\spheremodel.obj
c:\workspace\comp371-ass1\comp371assigment1\build\debug\sphere.obj
c:\workspace\comp371-ass1\comp371assigment1\build\debug\source.obj
c:\workspace\comp371-ass1\comp371assigment1\build\debug\olaf.obj
c:\workspace\comp371-ass1\comp371assigment1\build\debug\grid.obj
c:\workspace\comp371-ass1\comp371assigment1\build\debug\cube2.obj
c:\workspace\comp371-ass1\comp371assigment1\build\debug\cube.obj
c:\workspace\comp371-ass1\comp371assigment1\build\debug\camera.obj
c:\workspace\comp371-ass1\comp371assigment1\build\debug\shader.obj
c:\workspace\comp371-ass1\comp371assigment1\vs2017\/../bin/assigment 1-debug.pdb
c:\workspace\comp371-ass1\comp371assigment1\build\debug\assigment 1.tlog\cl.command.1.tlog
c:\workspace\comp371-ass1\comp371assigment1\build\debug\assigment 1.tlog\cl.read.1.tlog
c:\workspace\comp371-ass1\comp371assigment1\build\debug\assigment 1.tlog\cl.write.1.tlog
c:\workspace\comp371-ass1\comp371assigment1\build\debug\assigment 1.tlog\link-cvtres.read.1.tlog
c:\workspace\comp371-ass1\comp371assigment1\build\debug\assigment 1.tlog\link-cvtres.write.1.tlog
c:\workspace\comp371-ass1\comp371assigment1\build\debug\assigment 1.tlog\link-rc.read.1.tlog
c:\workspace\comp371-ass1\comp371assigment1\build\debug\assigment 1.tlog\link-rc.write.1.tlog
c:\workspace\comp371-ass1\comp371assigment1\build\debug\assigment 1.tlog\link.15708-cvtres.read.1.tlog
c:\workspace\comp371-ass1\comp371assigment1\build\debug\assigment 1.tlog\link.15708-cvtres.write.1.tlog
c:\workspace\comp371-ass1\comp371assigment1\build\debug\assigment 1.tlog\link.15708-rc.read.1.tlog
c:\workspace\comp371-ass1\comp371assigment1\build\debug\assigment 1.tlog\link.15708-rc.write.1.tlog
c:\workspace\comp371-ass1\comp371assigment1\build\debug\assigment 1.tlog\link.15708.read.1.tlog
c:\workspace\comp371-ass1\comp371assigment1\build\debug\assigment 1.tlog\link.15708.write.1.tlog
c:\workspace\comp371-ass1\comp371assigment1\build\debug\assigment 1.tlog\link.command.1.tlog
c:\workspace\comp371-ass1\comp371assigment1\build\debug\assigment 1.tlog\link.read.1.tlog
c:\workspace\comp371-ass1\comp371assigment1\build\debug\assigment 1.tlog\link.write.1.tlog
