c:\workspace\comp371assigment1\build\debug\vc142.pdb
c:\workspace\comp371assigment1\build\debug\vc142.idb
c:\workspace\comp371assigment1\build\debug\test.obj
c:\workspace\comp371assigment1\build\debug\source.obj
c:\workspace\comp371assigment1\build\debug\shaders.obj
c:\workspace\comp371assigment1\build\debug\cube.obj
c:\workspace\comp371assigment1\build\debug\main.obj
c:\workspace\comp371assigment1\build\debug\camera.obj
c:\workspace\comp371assigment1\bin\labs-debug.exe
c:\workspace\comp371assigment1\bin\labs-debug.ilk
c:\workspace\comp371assigment1\bin\labs-debug.pdb
c:\workspace\comp371assigment1\vs2017\/../bin/labs-debug.pdb
c:\workspace\comp371assigment1\vs2017\/../bin/labs-debug.exe
c:\workspace\comp371assigment1\vs2017\/../bin/labs-debug.ilk
c:\workspace\comp371assigment1\build\debug\labs.tlog\cl.command.1.tlog
c:\workspace\comp371assigment1\build\debug\labs.tlog\cl.read.1.tlog
c:\workspace\comp371assigment1\build\debug\labs.tlog\cl.write.1.tlog
c:\workspace\comp371assigment1\build\debug\labs.tlog\link.command.1.tlog
c:\workspace\comp371assigment1\build\debug\labs.tlog\link.read.1.tlog
c:\workspace\comp371assigment1\build\debug\labs.tlog\link.write.1.tlog
